<?xml version="1.0" encoding="UTF-8"?>
<!-- Generated by org.testng.reporters.JUnitReportReporter -->
<testsuite skipped="0" hostname="CBT-MH-000" name="Automation.Phptravels.Testcase_4" tests="1" failures="0" timestamp="30 Oct 2019 12:09:37 GMT" time="5.652" errors="0">
  <testcase name="flight" time="5.652" classname="Automation.Phptravels.Testcase_4"/>
</testsuite> <!-- Automation.Phptravels.Testcase_4 -->
