<?xml version="1.0" encoding="UTF-8"?>
<!-- Generated by org.testng.reporters.JUnitReportReporter -->
<testsuite skipped="0" hostname="CBT-MH-000" name="Automation.Phptravels.Testcase3" tests="1" failures="0" timestamp="4 Oct 2019 11:24:50 GMT" time="13.833" errors="0">
  <testcase name="Login" time="13.833" classname="Automation.Phptravels.Testcase3"/>
</testsuite> <!-- Automation.Phptravels.Testcase3 -->
