<?xml version="1.0" encoding="UTF-8"?>
<!-- Generated by org.testng.reporters.JUnitReportReporter -->
<testsuite skipped="0" hostname="CBT-MH-000" name="Automation.Phptravels.Testcase1" tests="1" failures="0" timestamp="3 Oct 2019 10:39:03 GMT" time="22.938" errors="0">
  <testcase name="userRegistration" time="22.938" classname="Automation.Phptravels.Testcase1"/>
</testsuite> <!-- Automation.Phptravels.Testcase1 -->
