<?xml version="1.0" encoding="UTF-8"?>
<!-- Generated by org.testng.reporters.JUnitReportReporter -->
<testsuite skipped="0" hostname="CBT-MH-000" name="Automation.Phptravels.Test1" tests="1" failures="0" timestamp="1 Oct 2019 06:20:49 GMT" time="13.815" errors="0">
  <testcase name="method1" time="13.815" classname="Automation.Phptravels.Test1"/>
</testsuite> <!-- Automation.Phptravels.Test1 -->
