<?xml version="1.0" encoding="UTF-8"?>
<!-- Generated by org.testng.reporters.JUnitReportReporter -->
<testsuite skipped="0" hostname="CBT-MH-000" name="Automation.Phptravels.Testcase_3" tests="1" failures="0" timestamp="31 Oct 2019 05:41:22 GMT" time="4.246" errors="0">
  <testcase name="Login" time="4.246" classname="Automation.Phptravels.Testcase_3"/>
</testsuite> <!-- Automation.Phptravels.Testcase_3 -->
