<?xml version="1.0" encoding="UTF-8"?>
<!-- Generated by org.testng.reporters.JUnitReportReporter -->
<testsuite skipped="0" hostname="CBT-MH-000" name="Automation.Phptravels.Testcase_5" tests="1" failures="0" timestamp="31 Oct 2019 04:47:00 GMT" time="6.637" errors="0">
  <testcase name="tour" time="6.637" classname="Automation.Phptravels.Testcase_5"/>
</testsuite> <!-- Automation.Phptravels.Testcase_5 -->
